0 info it worked if it ends with ok
1 verbose cli [ '/Users/muyuu/.anyenv/envs/ndenv/versions/v5.4.1/bin/node',
1 verbose cli   '/Users/muyuu/.anyenv/envs/ndenv/versions/v5.4.1/bin/npm',
1 verbose cli   'publish' ]
2 info using npm@3.3.12
3 info using node@v5.4.1
4 verbose publish [ '.' ]
5 silly cache add args [ '.', null ]
6 verbose cache add spec .
7 silly cache add parsed spec Result {
7 silly cache add   raw: '.',
7 silly cache add   scope: null,
7 silly cache add   name: null,
7 silly cache add   rawSpec: '.',
7 silly cache add   spec: '/Users/muyuu/www/Library/bangs',
7 silly cache add   type: 'directory' }
8 verbose addLocalDirectory /Users/muyuu/.npm/bangs/0.1.0/package.tgz not in flight; packing
9 info lifecycle bangs@0.1.0~prepublish: bangs@0.1.0
10 silly lifecycle bangs@0.1.0~prepublish: no script for prepublish, continuing
11 verbose tar pack [ '/Users/muyuu/.npm/bangs/0.1.0/package.tgz',
11 verbose tar pack   '/Users/muyuu/www/Library/bangs' ]
12 verbose tarball /Users/muyuu/.npm/bangs/0.1.0/package.tgz
13 verbose folder /Users/muyuu/www/Library/bangs
14 verbose addLocalTarball adding from inside cache /Users/muyuu/.npm/bangs/0.1.0/package.tgz
15 silly cache afterAdd bangs@0.1.0
16 verbose afterAdd /Users/muyuu/.npm/bangs/0.1.0/package/package.json not in flight; writing
17 verbose afterAdd /Users/muyuu/.npm/bangs/0.1.0/package/package.json written
18 silly publish { name: 'bangs',
18 silly publish   version: '0.1.0',
18 silly publish   description: 'adjust height library',
18 silly publish   main: 'bangs.js',
18 silly publish   scripts: { watch: 'gulp', lint: 'gulp dev', build: 'gulp build' },
18 silly publish   author: { name: 'muyuu', email: 'anticyborg@gmail.com' },
18 silly publish   license: 'MIT',
18 silly publish   dependencies: { jquery: '^1.12.0' },
18 silly publish   files:
18 silly publish    [ 'README.md',
18 silly publish      'index.html',
18 silly publish      'style.css',
18 silly publish      'app.js',
18 silly publish      'bangs.js',
18 silly publish      'bangs.min.js',
18 silly publish      'bangs.min.js.map',
18 silly publish      'src' ],
18 silly publish   devDependencies:
18 silly publish    { 'babel-preset-es2015': '^6.6.0',
18 silly publish      eslint: '^1.10.3',
18 silly publish      gulp: '^3.9.1',
18 silly publish      'gulp-babel': '^6.1.2',
18 silly publish      'gulp-connect': '^2.3.1',
18 silly publish      'gulp-eslint': '^1.1.1',
18 silly publish      'gulp-jscs': '^3.0.2',
18 silly publish      'gulp-load-plugins': '^1.2.0',
18 silly publish      'gulp-open': '^1.0.0',
18 silly publish      'gulp-rename': '^1.2.2',
18 silly publish      'gulp-sass': '^2.3.2',
18 silly publish      'gulp-sourcemaps': '^1.6.0',
18 silly publish      'gulp-uglify': '^1.5.3',
18 silly publish      jquery: '^1.12.0',
18 silly publish      'standby.css': '^0.2.0' },
18 silly publish   readme: '# smoove\n\nthis code is javascript smoothscroll library for browser(contain ie8).\n\n## dependences\n- jquery@1.12.0\n\n## install\nnpm install --save-dev smoove\n\n## usage\n\n### browserify\n\n- html\n```\n<a class="js-smoove" href="#abc">anchor link</a>\n\n<div id="abc">\n    <!-- code -->\n</div>\n```\n\n- javascript\n```\nvar smoove = require("smoove");\n\nsmoove();\n\n```\n\n#### not browserify\n\n- html\n```\n<a class="js-smoove" href="#abc">anchor link</a>\n\n<div id="abc">\n    <!-- code -->\n</div>\n\n...\n\n<script src="bangs.js"></script>\n<script src="app.js"></script>\n```\n\n- javascript\n```\nsmoove();\n```\n',
18 silly publish   readmeFilename: 'README.md',
18 silly publish   gitHead: '8d724b90bce44e6e2a55245ecf67055bc962e38f',
18 silly publish   _id: 'bangs@0.1.0',
18 silly publish   _shasum: 'ad94632e2330dc6db10a304326ac0cf825ce3269',
18 silly publish   _from: '.' }
19 verbose getPublishConfig undefined
20 silly mapToRegistry name bangs
21 silly mapToRegistry using default registry
22 silly mapToRegistry registry https://registry.npmjs.org/
23 silly mapToRegistry uri https://registry.npmjs.org/bangs
24 verbose publish registryBase https://registry.npmjs.org/
25 silly publish uploading /Users/muyuu/.npm/bangs/0.1.0/package.tgz
26 verbose request uri https://registry.npmjs.org/bangs
27 verbose request sending authorization for write operation
28 info attempt registry request try #1 at 15:38:25
29 verbose request using bearer token for auth
30 verbose request id 8eec07024ffb49e6
31 http request PUT https://registry.npmjs.org/bangs
32 http 403 https://registry.npmjs.org/bangs
33 verbose headers { 'content-type': 'application/json',
33 verbose headers   'cache-control': 'max-age=300',
33 verbose headers   'content-length': '99',
33 verbose headers   'accept-ranges': 'bytes',
33 verbose headers   date: 'Mon, 20 Jun 2016 06:38:25 GMT',
33 verbose headers   via: '1.1 varnish',
33 verbose headers   connection: 'keep-alive',
33 verbose headers   'x-served-by': 'cache-nrt6121-NRT',
33 verbose headers   'x-cache': 'MISS',
33 verbose headers   'x-cache-hits': '0',
33 verbose headers   'x-timer': 'S1466404705.236043,VS0,VE507',
33 verbose headers   vary: 'Accept-Encoding' }
34 verbose request invalidating /Users/muyuu/.npm/registry.npmjs.org/bangs on PUT
35 error publish Failed PUT 403
36 verbose stack Error: you do not have permission to publish "bangs". Are you logged in as the correct user? : bangs
36 verbose stack     at makeError (/Users/muyuu/.anyenv/envs/ndenv/versions/v5.4.1/lib/node_modules/npm/node_modules/npm-registry-client/lib/request.js:264:12)
36 verbose stack     at CachingRegistryClient.<anonymous> (/Users/muyuu/.anyenv/envs/ndenv/versions/v5.4.1/lib/node_modules/npm/node_modules/npm-registry-client/lib/request.js:252:14)
36 verbose stack     at Request._callback (/Users/muyuu/.anyenv/envs/ndenv/versions/v5.4.1/lib/node_modules/npm/node_modules/npm-registry-client/lib/request.js:172:14)
36 verbose stack     at Request.self.callback (/Users/muyuu/.anyenv/envs/ndenv/versions/v5.4.1/lib/node_modules/npm/node_modules/request/request.js:198:22)
36 verbose stack     at emitTwo (events.js:87:13)
36 verbose stack     at Request.emit (events.js:172:7)
36 verbose stack     at Request.<anonymous> (/Users/muyuu/.anyenv/envs/ndenv/versions/v5.4.1/lib/node_modules/npm/node_modules/request/request.js:1082:10)
36 verbose stack     at emitOne (events.js:82:20)
36 verbose stack     at Request.emit (events.js:169:7)
36 verbose stack     at IncomingMessage.<anonymous> (/Users/muyuu/.anyenv/envs/ndenv/versions/v5.4.1/lib/node_modules/npm/node_modules/request/request.js:1009:12)
37 verbose statusCode 403
38 verbose pkgid bangs
39 verbose cwd /Users/muyuu/www/Library/bangs
40 error Darwin 15.5.0
41 error argv "/Users/muyuu/.anyenv/envs/ndenv/versions/v5.4.1/bin/node" "/Users/muyuu/.anyenv/envs/ndenv/versions/v5.4.1/bin/npm" "publish"
42 error node v5.4.1
43 error npm  v3.3.12
44 error code E403
45 error you do not have permission to publish "bangs". Are you logged in as the correct user? : bangs
46 error If you need help, you may report this error at:
46 error     <https://github.com/npm/npm/issues>
47 verbose exit [ 1, true ]
